App/build/outputs/logs/manifest-merger-debug-report.txt
-- Merging decision tree log ---
manifest
ADDED from src\main\AndroidManifest.xml:2:1-109:12
	package
		ADDED from src\main\AndroidManifest.xml:3:5-32
		INJECTED from src\main\AndroidManifest.xml
		INJECTED from src\main\AndroidManifest.xml
	android:versionName
		INJECTED from src\main\AndroidManifest.xml
		INJECTED from src\main\AndroidManifest.xml
	xmlns:android
		ADDED from src\main\AndroidManifest.xml:2:11-69
	android:versionCode
		INJECTED from src\main\AndroidManifest.xml
		INJECTED from src\main\AndroidManifest.xml
uses-permission#android.permission.INTERNET
ADDED from src\main\AndroidManifest.xml:5:5-67
	android:name
		ADDED from src\main\AndroidManifest.xml:5:22-64
uses-permission#android.permission.GET_ACCOUNTS
ADDED from src\main\AndroidManifest.xml:6:5-71
	android:name
		ADDED from src\main\AndroidManifest.xml:6:22-68
uses-permission#android.permission.USE_CREDENTIALS
ADDED from src\main\AndroidManifest.xml:7:5-74
	android:name
		ADDED from src\main\AndroidManifest.xml:7:22-71
uses-permission#android.permission.MANAGE_ACCOUNTS
ADDED from src\main\AndroidManifest.xml:8:5-74
	android:name
		ADDED from src\main\AndroidManifest.xml:8:22-71
uses-permission#android.permission.AUTHENTICATE_ACCOUNTS
ADDED from src\main\AndroidManifest.xml:9:5-80
	android:name
		ADDED from src\main\AndroidManifest.xml:9:22-77
uses-permission#android.permission.ACCESS_NETWORK_STATE
ADDED from src\main\AndroidManifest.xml:10:5-79
	android:name
		ADDED from src\main\AndroidManifest.xml:10:22-76
uses-permission#com.android.launcher.permission.READ_SETTINGS
ADDED from src\main\AndroidManifest.xml:11:5-85
	android:name
		ADDED from src\main\AndroidManifest.xml:11:22-82
uses-permission#android.permission.CHANGE_WIFI_STATE
ADDED from src\main\AndroidManifest.xml:12:5-76
	android:name
		ADDED from src\main\AndroidManifest.xml:12:22-73
uses-permission#android.permission.ACCESS_WIFI_STATE
ADDED from src\main\AndroidManifest.xml:13:5-76
	android:name
		ADDED from src\main\AndroidManifest.xml:13:22-73
uses-permission#android.permission.READ_PHONE_STATE
ADDED from src\main\AndroidManifest.xml:14:5-75
	android:name
		ADDED from src\main\AndroidManifest.xml:14:22-72
uses-permission#android.permission.WRITE_EXTERNAL_STORAGE
ADDED from src\main\AndroidManifest.xml:15:5-81
	android:name
		ADDED from src\main\AndroidManifest.xml:15:22-78
uses-permission#android.permission.BROADCAST_STICKY
ADDED from src\main\AndroidManifest.xml:16:5-75
	android:name
		ADDED from src\main\AndroidManifest.xml:16:22-72
uses-permission#android.permission.WRITE_SETTINGS
ADDED from src\main\AndroidManifest.xml:17:5-73
	android:name
		ADDED from src\main\AndroidManifest.xml:17:22-70
application
ADDED from src\main\AndroidManifest.xml:20:5-107:19
MERGED from [com.android.support:appcompat-v7:21.0.3] AndroidManifest.xml:16:5-19
MERGED from [com.android.support:support-v4:22.2.0] AndroidManifest.xml:22:5-20
MERGED from [com.yalantis:contextmenu:1.0.4] AndroidManifest.xml:11:5-12:19
MERGED from [com.android.support:appcompat-v7:21.0.3] AndroidManifest.xml:16:5-19
MERGED from [com.android.support:support-v4:22.2.0] AndroidManifest.xml:22:5-20
MERGED from [com.android.support:support-v4:22.2.0] AndroidManifest.xml:22:5-20
MERGED from [com.android.support:support-v4:22.2.0] AndroidManifest.xml:22:5-20
MERGED from [com.yalantis:phoenix:1.2.2] AndroidManifest.xml:11:5-47
MERGED from [com.android.support:support-v4:22.2.0] AndroidManifest.xml:22:5-20
MERGED from [com.android.support:appcompat-v7:21.0.3] AndroidManifest.xml:16:5-19
MERGED from [com.android.support:support-v4:22.2.0] AndroidManifest.xml:22:5-20
MERGED from [com.android.support:support-v4:22.2.0] AndroidManifest.xml:22:5-20
	android:label
		ADDED from src\main\AndroidManifest.xml:24:9-41
	android:allowBackup
		ADDED from src\main\AndroidManifest.xml:22:9-35
	android:icon
		ADDED from src\main\AndroidManifest.xml:23:9-43
	android:theme
		ADDED from src\main\AndroidManifest.xml:25:9-52
	android:name
		ADDED from src\main\AndroidManifest.xml:21:9-50
meta-data#com.baidu.lbsapi.API_KEY
ADDED from src\main\AndroidManifest.xml:26:9-28:56
	android:value
		ADDED from src\main\AndroidManifest.xml:28:13-53
	android:name
		ADDED from src\main\AndroidManifest.xml:27:13-52
activity#org.iflab.icampus.SplashActivity
ADDED from src\main\AndroidManifest.xml:30:9-52
	android:name
		ADDED from src\main\AndroidManifest.xml:30:19-49
activity#org.iflab.icampus.HomeActivity
ADDED from src\main\AndroidManifest.xml:31:9-39:20
	android:theme
		ADDED from src\main\AndroidManifest.xml:33:13-63
	android:name
		ADDED from src\main\AndroidManifest.xml:32:13-41
intent-filter#android.intent.action.MAIN+android.intent.category.LAUNCHER
ADDED from src\main\AndroidManifest.xml:34:13-38:29
action#android.intent.action.MAIN
ADDED from src\main\AndroidManifest.xml:35:17-69
	android:name
		ADDED from src\main\AndroidManifest.xml:35:25-66
category#android.intent.category.LAUNCHER
ADDED from src\main\AndroidManifest.xml:37:17-77
	android:name
		ADDED from src\main\AndroidManifest.xml:37:27-74
activity#org.iflab.icampus.OAuthActivity
ADDED from src\main\AndroidManifest.xml:40:9-42:60
	android:label
		ADDED from src\main\AndroidManifest.xml:42:13-57
	android:name
		ADDED from src\main\AndroidManifest.xml:41:13-42
activity#org.iflab.icampus.NewsActivity
ADDED from src\main\AndroidManifest.xml:43:9-50:20
	android:label
		ADDED from src\main\AndroidManifest.xml:45:13-56
	android:theme
		ADDED from src\main\AndroidManifest.xml:46:13-63
	android:name
		ADDED from src\main\AndroidManifest.xml:44:13-41
meta-data#android.support.PARENT_ACTIVITY
ADDED from src\main\AndroidManifest.xml:47:13-49:49
	android:value
		ADDED from src\main\AndroidManifest.xml:49:17-46
	android:name
		ADDED from src\main\AndroidManifest.xml:48:17-63
activity#org.iflab.icampus.YellowPageActivity
ADDED from src\main\AndroidManifest.xml:51:9-57:20
	android:label
		ADDED from src\main\AndroidManifest.xml:53:13-63
	android:name
		ADDED from src\main\AndroidManifest.xml:52:13-47
activity#org.iflab.icampus.YellowPageDetailsActivity
ADDED from src\main\AndroidManifest.xml:58:9-64:20
	android:label
		ADDED from src\main\AndroidManifest.xml:60:13-71
	android:name
		ADDED from src\main\AndroidManifest.xml:59:13-54
activity#org.iflab.icampus.SchoolBusActivity
ADDED from src\main\AndroidManifest.xml:65:9-71:20
	android:label
		ADDED from src\main\AndroidManifest.xml:67:13-62
	android:name
		ADDED from src\main\AndroidManifest.xml:66:13-46
activity#org.iflab.icampus.SchoolBusDetailActivity
ADDED from src\main\AndroidManifest.xml:72:9-78:20
	android:label
		ADDED from src\main\AndroidManifest.xml:74:13-69
	android:name
		ADDED from src\main\AndroidManifest.xml:73:13-52
activity#org.iflab.icampus.UserCenterActivity
ADDED from src\main\AndroidManifest.xml:79:9-85:20
	android:label
		ADDED from src\main\AndroidManifest.xml:81:13-63
	android:name
		ADDED from src\main\AndroidManifest.xml:80:13-47
activity#org.iflab.icampus.AboutActivity
ADDED from src\main\AndroidManifest.xml:86:9-92:20
	android:label
		ADDED from src\main\AndroidManifest.xml:88:13-57
	android:name
		ADDED from src\main\AndroidManifest.xml:87:13-42
activity#org.iflab.icampus.AboutDetailsActivity
ADDED from src\main\AndroidManifest.xml:93:9-95:68
	android:label
		ADDED from src\main\AndroidManifest.xml:95:13-65
	android:name
		ADDED from src\main\AndroidManifest.xml:94:13-49
activity#org.iflab.icampus.NewsDetailActivity
ADDED from src\main\AndroidManifest.xml:96:9-98:66
	android:label
		ADDED from src\main\AndroidManifest.xml:98:13-63
	android:name
		ADDED from src\main\AndroidManifest.xml:97:13-47
activity#org.iflab.icampus.MapActivity
ADDED from src\main\AndroidManifest.xml:99:9-105:20
	android:label
		ADDED from src\main\AndroidManifest.xml:101:13-55
	android:name
		ADDED from src\main\AndroidManifest.xml:100:13-40
uses-sdk
INJECTED from src\main\AndroidManifest.xml reason: use-sdk injection requested
MERGED from [com.android.support:appcompat-v7:21.0.3] AndroidManifest.xml:15:5-42
MERGED from [com.android.support:support-v4:22.2.0] AndroidManifest.xml:20:5-43
MERGED from [com.yalantis:contextmenu:1.0.4] AndroidManifest.xml:7:5-9:41
MERGED from [com.android.support:appcompat-v7:21.0.3] AndroidManifest.xml:15:5-42
MERGED from [com.android.support:support-v4:22.2.0] AndroidManifest.xml:20:5-43
MERGED from [com.facebook.fresco:fresco:0.6.0] AndroidManifest.xml:5:5-7:41
MERGED from [com.facebook.fresco:drawee:0.6.0] AndroidManifest.xml:5:5-7:41
MERGED from [com.facebook.fresco:fbcore:0.6.0] AndroidManifest.xml:5:5-7:41
MERGED from [com.android.support:support-v4:22.2.0] AndroidManifest.xml:20:5-43
MERGED from [com.facebook.fresco:fbcore:0.6.0] AndroidManifest.xml:5:5-7:41
MERGED from [com.facebook.fresco:imagepipeline:0.6.0] AndroidManifest.xml:5:5-7:41
MERGED from [com.facebook.fresco:fbcore:0.6.0] AndroidManifest.xml:5:5-7:41
MERGED from [com.android.support:support-v4:22.2.0] AndroidManifest.xml:20:5-43
MERGED from [com.yalantis:phoenix:1.2.2] AndroidManifest.xml:7:5-9:41
MERGED from [com.android.support:support-v4:22.2.0] AndroidManifest.xml:20:5-43
MERGED from [com.bigkoo:convenientbanner:1.0.7] AndroidManifest.xml:7:5-9:41
MERGED from [com.android.support:appcompat-v7:21.0.3] AndroidManifest.xml:15:5-42
MERGED from [com.android.support:support-v4:22.2.0] AndroidManifest.xml:20:5-43
MERGED from [iCampus-Android-Restructure:ViewPagerIndicatorlibrary:unspecified] AndroidManifest.xml:7:5-9:40
MERGED from [com.android.support:support-v4:22.2.0] AndroidManifest.xml:20:5-43
	android:targetSdkVersion
		INJECTED from src\main\AndroidManifest.xml
		INJECTED from src\main\AndroidManifest.xml
	android:minSdkVersion
		INJECTED from src\main\AndroidManifest.xml
		INJECTED from src\main\AndroidManifest.xml